Flow report for Cinna-BoN-FPGA
Wed Aug 07 14:36:16 2019
Quartus Prime Version 18.1.0 Build 625 09/12/2018 SJ Lite Edition


---------------------
; Table of Contents ;
---------------------
  1. Legal Notice
  2. Flow Summary
  3. Flow Settings
  4. Flow Non-Default Global Settings
  5. Flow Elapsed Time
  6. Flow OS Summary
  7. Flow Log
  8. Flow Messages
  9. Flow Suppressed Messages



----------------
; Legal Notice ;
----------------
Copyright (C) 2018  Intel Corporation. All rights reserved.
Your use of Intel Corporation's design tools, logic functions 
and other software and tools, and its AMPP partner logic 
functions, and any output files from any of the foregoing 
(including device programming or simulation files), and any 
associated documentation or information are expressly subject 
to the terms and conditions of the Intel Program License 
Subscription Agreement, the Intel Quartus Prime License Agreement,
the Intel FPGA IP License Agreement, or other applicable license
agreement, including, without limitation, that your use is for
the sole purpose of programming logic devices manufactured by
Intel and sold by Intel or its authorized distributors.  Please
refer to the applicable agreement for further details.



+-------------------------------------------------------------------------------+
; Flow Summary                                                                  ;
+---------------------------------+---------------------------------------------+
; Flow Status                     ; Successful - Wed Aug 07 14:36:16 2019       ;
; Quartus Prime Version           ; 18.1.0 Build 625 09/12/2018 SJ Lite Edition ;
; Revision Name                   ; Cinna-BoN-FPGA                              ;
; Top-level Entity Name           ; CinnaBoNFPGA                                ;
; Family                          ; Cyclone V                                   ;
; Device                          ; 5CSEBA6U23I7                                ;
; Timing Models                   ; Final                                       ;
; Logic utilization (in ALMs)     ; 611 / 41,910 ( 1 % )                        ;
; Total registers                 ; 879                                         ;
; Total pins                      ; 4 / 314 ( 1 % )                             ;
; Total virtual pins              ; 0                                           ;
; Total block memory bits         ; 43,008 / 5,662,720 ( < 1 % )                ;
; Total DSP Blocks                ; 0 / 112 ( 0 % )                             ;
; Total HSSI RX PCSs              ; 0                                           ;
; Total HSSI PMA RX Deserializers ; 0                                           ;
; Total HSSI TX PCSs              ; 0                                           ;
; Total HSSI PMA TX Serializers   ; 0                                           ;
; Total PLLs                      ; 0 / 6 ( 0 % )                               ;
; Total DLLs                      ; 0 / 4 ( 0 % )                               ;
+---------------------------------+---------------------------------------------+


+-----------------------------------------+
; Flow Settings                           ;
+-------------------+---------------------+
; Option            ; Setting             ;
+-------------------+---------------------+
; Start date & time ; 08/07/2019 14:34:20 ;
; Main task         ; Compilation         ;
; Revision Name     ; Cinna-BoN-FPGA      ;
+-------------------+---------------------+


+-------------------------------------------------------------------------------------------------------------------------------------------------------------+
; Flow Non-Default Global Settings                                                                                                                            ;
+-------------------------------------+-------------------------------------------------------------------+----------------+-----------------+----------------+
; Assignment Name                     ; Value                                                             ; Default Value  ; Entity Name     ; Section Id     ;
+-------------------------------------+-------------------------------------------------------------------+----------------+-----------------+----------------+
; COMPILER_SIGNATURE_ID               ; 1095490343351.156520286009744                                     ; --             ; --              ; --             ;
; EDA_OUTPUT_DATA_FORMAT              ; Verilog Hdl                                                       ; --             ; --              ; eda_simulation ;
; EDA_RUN_TOOL_AUTOMATICALLY          ; Off                                                               ; --             ; --              ; eda_simulation ;
; EDA_SIMULATION_TOOL                 ; ModelSim-Altera (Verilog)                                         ; <None>         ; --              ; --             ;
; EDA_TIME_SCALE                      ; 1 ps                                                              ; --             ; --              ; eda_simulation ;
; MAX_CORE_JUNCTION_TEMP              ; 100                                                               ; --             ; --              ; --             ;
; MIN_CORE_JUNCTION_TEMP              ; -40                                                               ; --             ; --              ; --             ;
; MISC_FILE                           ; embedded_system/synthesis/../embedded_system.cmp                  ; --             ; --              ; --             ;
; MISC_FILE                           ; embedded_system/synthesis/../../embedded_system.qsys              ; --             ; --              ; --             ;
; MISC_FILE                           ; sinerom.bsf                                                       ; --             ; --              ; --             ;
; MISC_FILE                           ; sinerom_inst.v                                                    ; --             ; --              ; --             ;
; MISC_FILE                           ; sinerom_bb.v                                                      ; --             ; --              ; --             ;
; PARTITION_COLOR                     ; -- (Not supported for targeted family)                            ; --             ; CinnaBoNFPGA    ; Top            ;
; PARTITION_FITTER_PRESERVATION_LEVEL ; -- (Not supported for targeted family)                            ; --             ; CinnaBoNFPGA    ; Top            ;
; PARTITION_NETLIST_TYPE              ; -- (Not supported for targeted family)                            ; --             ; CinnaBoNFPGA    ; Top            ;
; POWER_BOARD_THERMAL_MODEL           ; None (CONSERVATIVE)                                               ; --             ; --              ; --             ;
; POWER_PRESET_COOLING_SOLUTION       ; 23 MM HEAT SINK WITH 200 LFPM AIRFLOW                             ; --             ; --              ; --             ;
; PROJECT_OUTPUT_DIRECTORY            ; output_files                                                      ; --             ; --              ; --             ;
; SLD_FILE                            ; embedded_system/synthesis/embedded_system.debuginfo               ; --             ; --              ; --             ;
; SLD_INFO                            ; QSYS_NAME embedded_system HAS_SOPCINFO 1 GENERATION_ID 1565202724 ; --             ; embedded_system ; --             ;
; SOPCINFO_FILE                       ; embedded_system/synthesis/../../embedded_system.sopcinfo          ; --             ; --              ; --             ;
; SYNTHESIS_ONLY_QIP                  ; On                                                                ; --             ; --              ; --             ;
; TOP_LEVEL_ENTITY                    ; CinnaBoNFPGA                                                      ; Cinna-BoN-FPGA ; --              ; --             ;
+-------------------------------------+-------------------------------------------------------------------+----------------+-----------------+----------------+


+--------------------------------------------------------------------------------------------------------------------------+
; Flow Elapsed Time                                                                                                        ;
+----------------------+--------------+-------------------------+---------------------+------------------------------------+
; Module Name          ; Elapsed Time ; Average Processors Used ; Peak Virtual Memory ; Total CPU Time (on all processors) ;
+----------------------+--------------+-------------------------+---------------------+------------------------------------+
; Analysis & Synthesis ; 00:00:28     ; 1.0                     ; 804 MB              ; 00:00:53                           ;
; Fitter               ; 00:00:57     ; 1.1                     ; 2512 MB             ; 00:02:05                           ;
; Assembler            ; 00:00:10     ; 1.0                     ; 712 MB              ; 00:00:07                           ;
; Timing Analyzer      ; 00:00:09     ; 1.4                     ; 1104 MB             ; 00:00:11                           ;
; EDA Netlist Writer   ; 00:00:03     ; 1.0                     ; 617 MB              ; 00:00:03                           ;
; Total                ; 00:01:47     ; --                      ; --                  ; 00:03:19                           ;
+----------------------+--------------+-------------------------+---------------------+------------------------------------+


+-------------------------------------------------------------------------------------+
; Flow OS Summary                                                                     ;
+----------------------+------------------+-------------+------------+----------------+
; Module Name          ; Machine Hostname ; OS Name     ; OS Version ; Processor type ;
+----------------------+------------------+-------------+------------+----------------+
; Analysis & Synthesis ; HAL9000          ; Windows 8.1 ; 6.3        ; x86_64         ;
; Fitter               ; HAL9000          ; Windows 8.1 ; 6.3        ; x86_64         ;
; Assembler            ; HAL9000          ; Windows 8.1 ; 6.3        ; x86_64         ;
; Timing Analyzer      ; HAL9000          ; Windows 8.1 ; 6.3        ; x86_64         ;
; EDA Netlist Writer   ; HAL9000          ; Windows 8.1 ; 6.3        ; x86_64         ;
+----------------------+------------------+-------------+------------+----------------+


------------
; Flow Log ;
------------
quartus_map --read_settings_files=on --write_settings_files=off Cinna-BoN-FPGA -c Cinna-BoN-FPGA
quartus_fit --read_settings_files=off --write_settings_files=off Cinna-BoN-FPGA -c Cinna-BoN-FPGA
quartus_asm --read_settings_files=off --write_settings_files=off Cinna-BoN-FPGA -c Cinna-BoN-FPGA
quartus_sta Cinna-BoN-FPGA -c Cinna-BoN-FPGA
quartus_eda --read_settings_files=off --write_settings_files=off Cinna-BoN-FPGA -c Cinna-BoN-FPGA



